<?xml version="1.0" encoding="UTF-8"?>
<testsuite xmlns:xsi="http://www.w3.org/2001/XMLSchema-instance" xsi:noNamespaceSchemaLocation="https://maven.apache.org/surefire/maven-surefire-plugin/xsd/surefire-test-report-3.0.xsd" version="3.0" name="org.ctf.ai.AI_ToolsTest" time="0.055" tests="3" errors="0" skipped="0" failures="0">
  <properties>
[...]
</properties>
  <testcase name="testToNextTeam" classname="org.ctf.ai.AI_ToolsTest" time="0.013"/>
  <testcase name="testGetPossibleMoves" classname="org.ctf.ai.AI_ToolsTest" time="0.029"/>
  <testcase name="testRespawnPiecePosition" classname="org.ctf.ai.AI_ToolsTest" time="0.001"/>
</testsuite>